An empty class:
  0012ff5e -> instance (1 byte):
    00 

A class with an int member:
  0012ff60 -> instance (4 bytes):
    bb bb bb bb 

A class with char and int members:
  0012ff68 -> instance (8 bytes):
    0a 77 40 00 bb bb bb bb 

A class with int and char members:
  0012ff70 -> instance (8 bytes):
    bb bb bb bb 0a bf 40 00 

A class with a single member function:
  0012ff5f -> instance (1 byte):
    00 

A class with a virtual member function:
  0012ff64 -> instance (4 bytes):
    e4 50 41 00 
    vtbl (004150e4 - 004150e7) 1 entry:
      004150e4 -> fptr 0:
        004077d0 
        004077d0 -> implementation (first 16 bytes):
          c3 90 90 90 90 90 90 90 90 90 90 90 90 90 90 90 

A subclass of an abstract class:
  0012ff78 -> instance (12 bytes):
    e0 50 41 00 ff ff ff ff f1 f1 f1 f1 
    vtbl (004150e0 - 004150e3) 1 entry:
      004150e0 -> fptr 0:
        00401170 
        00401170 -> implementation (first 16 bytes):
          b8 33 33 33 33 c3 90 90 90 90 90 90 90 90 90 90 

